c:\users\gruni\source\repos\courseproject\courseproject\debug\vc142.pdb
c:\users\gruni\source\repos\courseproject\courseproject\debug\form1.obj
c:\users\gruni\source\repos\courseproject\courseproject\debug\cppclr_winformsprojekt.obj
c:\users\gruni\source\repos\courseproject\courseproject\debug\assemblyinfo.obj
c:\users\gruni\source\repos\courseproject\courseproject\debug\courseproject.pch
c:\users\gruni\source\repos\courseproject\courseproject\debug\pch.obj
c:\users\gruni\source\repos\courseproject\courseproject\debug\visualizationbinarytree.obj
c:\users\gruni\source\repos\courseproject\courseproject\debug\.netframework,version=v4.7.2.assemblyattributes.obj
c:\users\gruni\source\repos\courseproject\courseproject\debug\bynarytreesearch.obj
c:\users\gruni\source\repos\courseproject\courseproject\debug\sorting.obj
c:\users\gruni\source\repos\courseproject\courseproject\debug\courseproject.form1.resources
c:\users\gruni\source\repos\courseproject\debug\courseproject.exe
c:\users\gruni\source\repos\courseproject\debug\courseproject.pdb
c:\users\gruni\source\repos\courseproject\courseproject\debug\app.res
c:\users\gruni\source\repos\courseproject\courseproject\debug\courseproject.tlog\cl.command.1.tlog
c:\users\gruni\source\repos\courseproject\courseproject\debug\courseproject.tlog\cl.read.1.tlog
c:\users\gruni\source\repos\courseproject\courseproject\debug\courseproject.tlog\cl.write.1.tlog
c:\users\gruni\source\repos\courseproject\courseproject\debug\courseproject.tlog\courseproject.write.1u.tlog
c:\users\gruni\source\repos\courseproject\courseproject\debug\courseproject.tlog\link.command.1.tlog
c:\users\gruni\source\repos\courseproject\courseproject\debug\courseproject.tlog\link.read.1.tlog
c:\users\gruni\source\repos\courseproject\courseproject\debug\courseproject.tlog\link.write.1.tlog
c:\users\gruni\source\repos\courseproject\courseproject\debug\courseproject.tlog\metagen.read.1.tlog
c:\users\gruni\source\repos\courseproject\courseproject\debug\courseproject.tlog\metagen.write.1.tlog
c:\users\gruni\source\repos\courseproject\courseproject\debug\courseproject.tlog\rc.command.1.tlog
c:\users\gruni\source\repos\courseproject\courseproject\debug\courseproject.tlog\rc.read.1.tlog
c:\users\gruni\source\repos\courseproject\courseproject\debug\courseproject.tlog\rc.write.1.tlog
